Sat 17 Nov 22:09:00 CST 2018
nfield=0
nobj = 10229888 
number of good data is 10229888 
zmax = 7.000000 
zmax = 7.000000 
xmax:-38.920652 -30.078820 ,ymax:-11.344478 -3.577267 ,zmax:7.000000,ndiv0=1441,ndiv1=1266,step=0.006139
nfield=1
nobj = 2984163 
number of good data is 2984163 
zmax = 7.000000 
zmax = 7.000000 
xmax:-136.943460 -131.958300 ,ymax:-5.795229 -0.852663 ,zmax:7.000000,ndiv0=813,ndiv1=806,step=0.006139
nfield=2
nobj = 6167523 
number of good data is 6167523 
zmax = 7.000000 
zmax = 7.000000 
xmax:-220.481120 -208.459650 ,ymax:51.097380 57.905080 ,zmax:7.000000,ndiv0=1959,ndiv1=1109,step=0.006139
nfield=3
nobj = 3343132 
number of good data is 3343132 
zmax = 7.000000 
zmax = 7.000000 
xmax:-335.806850 -329.877420 ,ymax:-1.129174 4.714283 ,zmax:7.000000,ndiv0=966,ndiv1=952,step=0.006139
Sat 17 Nov 22:10:42 CST 2018
